<?xml version="1.0" encoding="UTF-8"?>
<robot generator="Robot 6.1.1 (Python 3.12.1 on win32)" generated="20240110 17:03:06.237" rpa="false" schemaversion="4">
<suite id="s1" name="Teste Lista" source="C:\Users\a871717\OneDrive - Atos\Documents\Estudos\CursoRobot\WebTesting\teste_lista.robot">
<test id="s1-t1" name="Caso de teste da terefa de variável do tipo lista" line="8">
<kw name="Uma keyword qualquer">
<kw name="Log To Console" library="BuiltIn">
<arg>O primeiro mês do ano é: ${MESES[0]}. O segundo mês do ano é: ${MESES[1]}. O terceiro mês do ano é: ${MESES[2]}. O quarto mês do ano é: ${MESES[3]}. O quinto mês do ano é: ${MESES[4]}. O sexto mês do ano é: ${MESES[5]}. O sétimo mês do ano é: ${MESES[6]}. O oitavo mês do ano é: ${MESES[7]}. O nono mês do ano é: ${MESES[8]}. O décimo mês do ano é: ${MESES[9]}. O décimo primeiro mês do ano é: ${MESES[10]}. O décimo segundo mês do ano é: ${MESES[11]}.</arg>
<doc>Logs the given message to the console.</doc>
<status status="PASS" starttime="20240110 17:03:06.270" endtime="20240110 17:03:06.275"/>
</kw>
<status status="PASS" starttime="20240110 17:03:06.270" endtime="20240110 17:03:06.275"/>
</kw>
<status status="PASS" starttime="20240110 17:03:06.269" endtime="20240110 17:03:06.275"/>
</test>
<doc>Tarefa de variável do tipo LISTAS</doc>
<status status="PASS" starttime="20240110 17:03:06.240" endtime="20240110 17:03:06.277"/>
</suite>
<statistics>
<total>
<stat pass="1" fail="0" skip="0">All Tests</stat>
</total>
<tag>
</tag>
<suite>
<stat pass="1" fail="0" skip="0" id="s1" name="Teste Lista">Teste Lista</stat>
</suite>
</statistics>
<errors>
</errors>
</robot>
